<?xml version="1.0" encoding="UTF-8"?>
<!-- Generated by org.testng.reporters.JUnitXMLReporter -->
<testsuite ignored="10" hostname="Snehas-MBP.hsd1.de.comcast.net" failures="14" tests="82" name="Sanity" time="53.519" errors="0" timestamp="2023-03-08T15:41:59 EST">
  <testcase classname="com.Ds_Algo_Portal.testcases.TC_WelcomePage_001" name="welcomePageTest" time="0.32"/>
  <testcase classname="com.Ds_Algo_Portal.testcases.TC_WelcomePage_001" name="welcomePageClickTest" time="0.453">
    <failure type="java.lang.AssertionError" message="expected [true] but found [false]">
      <![CDATA[java.lang.AssertionError: expected [true] but found [false]
at com.Ds_Algo_Portal.testcases.TC_WelcomePage_001.welcomePageClickTest(TC_WelcomePage_001.java:35)
at java.base/java.util.ArrayList.forEach(ArrayList.java:1511)
... Removed 29 stack frames]]>
    </failure>
  </testcase> <!-- welcomePageClickTest -->
  <testcase classname="com.Ds_Algo_Portal.testcases.TC_HomePage_002" name="click_firstdropdown_option_test" time="0.358">
    <failure type="org.openqa.selenium.NoSuchElementException" message="no such element: Unable to locate element: {&amp;quot;method&amp;quot;:&amp;quot;css selector&amp;quot;,&amp;quot;selector&amp;quot;:&amp;quot;.alert\-primary&amp;quot;}
  (Session info: chrome=110.0.5481.177)
For documentation on this error, please visit: https://selenium.dev/exceptions/#no_such_element
Build info: version: &amp;apos;4.3.0&amp;apos;, revision: &amp;apos;a4995e2c09*&amp;apos;
System info: host: &amp;apos;Snehas-MBP.hsd1.de.comcast.net&amp;apos;, ip: &amp;apos;2601:49:8400:8c90:0:0:0:acac%en0&amp;apos;, os.name: &amp;apos;Mac OS X&amp;apos;, os.arch: &amp;apos;x86_64&amp;apos;, os.version: &amp;apos;12.6.2&amp;apos;, java.version: &amp;apos;19.0.1&amp;apos;
Driver info: org.openqa.selenium.chrome.ChromeDriver
Command: [fe35648d4546243ba96654dc6cf80535, findElement {using=class name, value=alert-primary}]
Capabilities {acceptInsecureCerts: false, browserName: chrome, browserVersion: 110.0.5481.177, chrome: {chromedriverVersion: 110.0.5481.77 (65ed616c6e8e..., userDataDir: /var/folders/m5/gs1k0d7156z...}, goog:chromeOptions: {debuggerAddress: localhost:63785}, networkConnectionEnabled: false, pageLoadStrategy: normal, platformName: MAC, proxy: Proxy(), se:cdp: ws://localhost:63785/devtoo..., se:cdpVersion: 110.0.5481.177, setWindowRect: true, strictFileInteractability: false, timeouts: {implicit: 0, pageLoad: 300000, script: 30000}, unhandledPromptBehavior: dismiss and notify, webauthn:extension:credBlob: true, webauthn:extension:largeBlob: true, webauthn:virtualAuthenticators: true}
Session ID: fe35648d4546243ba96654dc6cf80535">
      <![CDATA[org.openqa.selenium.NoSuchElementException: no such element: Unable to locate element: {"method":"css selector","selector":".alert\-primary"}
  (Session info: chrome=110.0.5481.177)
For documentation on this error, please visit: https://selenium.dev/exceptions/#no_such_element
Build info: version: '4.3.0', revision: 'a4995e2c09*'
System info: host: 'Snehas-MBP.hsd1.de.comcast.net', ip: '2601:49:8400:8c90:0:0:0:acac%en0', os.name: 'Mac OS X', os.arch: 'x86_64', os.version: '12.6.2', java.version: '19.0.1'
Driver info: org.openqa.selenium.chrome.ChromeDriver
Command: [fe35648d4546243ba96654dc6cf80535, findElement {using=class name, value=alert-primary}]
Capabilities {acceptInsecureCerts: false, browserName: chrome, browserVersion: 110.0.5481.177, chrome: {chromedriverVersion: 110.0.5481.77 (65ed616c6e8e..., userDataDir: /var/folders/m5/gs1k0d7156z...}, goog:chromeOptions: {debuggerAddress: localhost:63785}, networkConnectionEnabled: false, pageLoadStrategy: normal, platformName: MAC, proxy: Proxy(), se:cdp: ws://localhost:63785/devtoo..., se:cdpVersion: 110.0.5481.177, setWindowRect: true, strictFileInteractability: false, timeouts: {implicit: 0, pageLoad: 300000, script: 30000}, unhandledPromptBehavior: dismiss and notify, webauthn:extension:credBlob: true, webauthn:extension:largeBlob: true, webauthn:virtualAuthenticators: true}
Session ID: fe35648d4546243ba96654dc6cf80535
at org.openqa.selenium.remote.codec.w3c.W3CHttpResponseCodec.createException(W3CHttpResponseCodec.java:200)
at org.openqa.selenium.remote.codec.w3c.W3CHttpResponseCodec.decode(W3CHttpResponseCodec.java:133)
at org.openqa.selenium.remote.codec.w3c.W3CHttpResponseCodec.decode(W3CHttpResponseCodec.java:53)
at org.openqa.selenium.remote.HttpCommandExecutor.execute(HttpCommandExecutor.java:184)
at org.openqa.selenium.remote.service.DriverCommandExecutor.invokeExecute(DriverCommandExecutor.java:167)
at org.openqa.selenium.remote.service.DriverCommandExecutor.execute(DriverCommandExecutor.java:142)
at org.openqa.selenium.remote.RemoteWebDriver.execute(RemoteWebDriver.java:569)
at org.openqa.selenium.remote.ElementLocation$ElementFinder$2.findElement(ElementLocation.java:162)
at org.openqa.selenium.remote.ElementLocation.findElement(ElementLocation.java:60)
at org.openqa.selenium.remote.RemoteWebDriver.findElement(RemoteWebDriver.java:387)
at org.openqa.selenium.remote.RemoteWebDriver.findElement(RemoteWebDriver.java:379)
at org.openqa.selenium.support.pagefactory.DefaultElementLocator.findElement(DefaultElementLocator.java:70)
at org.openqa.selenium.support.pagefactory.internal.LocatingElementHandler.invoke(LocatingElementHandler.java:39)
at jdk.proxy2/jdk.proxy2.$Proxy35.getText(Unknown Source)
at com.Ds_Algo_Portal.PageObject.HomePage.alert_primary_msg(HomePage.java:43)
at com.Ds_Algo_Portal.testcases.TC_HomePage_002.click_firstdropdown_option_test(TC_HomePage_002.java:54)
at java.base/java.util.ArrayList.forEach(ArrayList.java:1511)
... Removed 28 stack frames]]>
    </failure>
  </testcase> <!-- click_firstdropdown_option_test -->
  <testcase classname="com.Ds_Algo_Portal.testcases.TC_HomePage_002" name="click_hp_datastructure_getsarted_test" time="0.331">
    <failure type="org.openqa.selenium.NoSuchElementException" message="no such element: Unable to locate element: {&amp;quot;method&amp;quot;:&amp;quot;css selector&amp;quot;,&amp;quot;selector&amp;quot;:&amp;quot;.alert\-primary&amp;quot;}
  (Session info: chrome=110.0.5481.177)
For documentation on this error, please visit: https://selenium.dev/exceptions/#no_such_element
Build info: version: &amp;apos;4.3.0&amp;apos;, revision: &amp;apos;a4995e2c09*&amp;apos;
System info: host: &amp;apos;Snehas-MBP.hsd1.de.comcast.net&amp;apos;, ip: &amp;apos;2601:49:8400:8c90:0:0:0:acac%en0&amp;apos;, os.name: &amp;apos;Mac OS X&amp;apos;, os.arch: &amp;apos;x86_64&amp;apos;, os.version: &amp;apos;12.6.2&amp;apos;, java.version: &amp;apos;19.0.1&amp;apos;
Driver info: org.openqa.selenium.chrome.ChromeDriver
Command: [fe35648d4546243ba96654dc6cf80535, findElement {using=class name, value=alert-primary}]
Capabilities {acceptInsecureCerts: false, browserName: chrome, browserVersion: 110.0.5481.177, chrome: {chromedriverVersion: 110.0.5481.77 (65ed616c6e8e..., userDataDir: /var/folders/m5/gs1k0d7156z...}, goog:chromeOptions: {debuggerAddress: localhost:63785}, networkConnectionEnabled: false, pageLoadStrategy: normal, platformName: MAC, proxy: Proxy(), se:cdp: ws://localhost:63785/devtoo..., se:cdpVersion: 110.0.5481.177, setWindowRect: true, strictFileInteractability: false, timeouts: {implicit: 0, pageLoad: 300000, script: 30000}, unhandledPromptBehavior: dismiss and notify, webauthn:extension:credBlob: true, webauthn:extension:largeBlob: true, webauthn:virtualAuthenticators: true}
Session ID: fe35648d4546243ba96654dc6cf80535">
      <![CDATA[org.openqa.selenium.NoSuchElementException: no such element: Unable to locate element: {"method":"css selector","selector":".alert\-primary"}
  (Session info: chrome=110.0.5481.177)
For documentation on this error, please visit: https://selenium.dev/exceptions/#no_such_element
Build info: version: '4.3.0', revision: 'a4995e2c09*'
System info: host: 'Snehas-MBP.hsd1.de.comcast.net', ip: '2601:49:8400:8c90:0:0:0:acac%en0', os.name: 'Mac OS X', os.arch: 'x86_64', os.version: '12.6.2', java.version: '19.0.1'
Driver info: org.openqa.selenium.chrome.ChromeDriver
Command: [fe35648d4546243ba96654dc6cf80535, findElement {using=class name, value=alert-primary}]
Capabilities {acceptInsecureCerts: false, browserName: chrome, browserVersion: 110.0.5481.177, chrome: {chromedriverVersion: 110.0.5481.77 (65ed616c6e8e..., userDataDir: /var/folders/m5/gs1k0d7156z...}, goog:chromeOptions: {debuggerAddress: localhost:63785}, networkConnectionEnabled: false, pageLoadStrategy: normal, platformName: MAC, proxy: Proxy(), se:cdp: ws://localhost:63785/devtoo..., se:cdpVersion: 110.0.5481.177, setWindowRect: true, strictFileInteractability: false, timeouts: {implicit: 0, pageLoad: 300000, script: 30000}, unhandledPromptBehavior: dismiss and notify, webauthn:extension:credBlob: true, webauthn:extension:largeBlob: true, webauthn:virtualAuthenticators: true}
Session ID: fe35648d4546243ba96654dc6cf80535
at org.openqa.selenium.remote.codec.w3c.W3CHttpResponseCodec.createException(W3CHttpResponseCodec.java:200)
at org.openqa.selenium.remote.codec.w3c.W3CHttpResponseCodec.decode(W3CHttpResponseCodec.java:133)
at org.openqa.selenium.remote.codec.w3c.W3CHttpResponseCodec.decode(W3CHttpResponseCodec.java:53)
at org.openqa.selenium.remote.HttpCommandExecutor.execute(HttpCommandExecutor.java:184)
at org.openqa.selenium.remote.service.DriverCommandExecutor.invokeExecute(DriverCommandExecutor.java:167)
at org.openqa.selenium.remote.service.DriverCommandExecutor.execute(DriverCommandExecutor.java:142)
at org.openqa.selenium.remote.RemoteWebDriver.execute(RemoteWebDriver.java:569)
at org.openqa.selenium.remote.ElementLocation$ElementFinder$2.findElement(ElementLocation.java:162)
at org.openqa.selenium.remote.ElementLocation.findElement(ElementLocation.java:60)
at org.openqa.selenium.remote.RemoteWebDriver.findElement(RemoteWebDriver.java:387)
at org.openqa.selenium.remote.RemoteWebDriver.findElement(RemoteWebDriver.java:379)
at org.openqa.selenium.support.pagefactory.DefaultElementLocator.findElement(DefaultElementLocator.java:70)
at org.openqa.selenium.support.pagefactory.internal.LocatingElementHandler.invoke(LocatingElementHandler.java:39)
at jdk.proxy2/jdk.proxy2.$Proxy35.getText(Unknown Source)
at com.Ds_Algo_Portal.PageObject.HomePage.alert_primary_msg(HomePage.java:43)
at com.Ds_Algo_Portal.testcases.TC_HomePage_002.click_hp_datastructure_getsarted_test(TC_HomePage_002.java:41)
at java.base/java.util.ArrayList.forEach(ArrayList.java:1511)
... Removed 28 stack frames]]>
    </failure>
  </testcase> <!-- click_hp_datastructure_getsarted_test -->
  <testcase classname="com.Ds_Algo_Portal.testcases.TC_HomePage_002" name="click_register_tab_test_12" time="0.221">
    <failure type="java.lang.AssertionError" message="expected [true] but found [false]">
      <![CDATA[java.lang.AssertionError: expected [true] but found [false]
at com.Ds_Algo_Portal.testcases.TC_HomePage_002.click_register_tab_test_12(TC_HomePage_002.java:87)
at java.base/java.util.ArrayList.forEach(ArrayList.java:1511)
... Removed 29 stack frames]]>
    </failure>
  </testcase> <!-- click_register_tab_test_12 -->
  <testcase classname="com.Ds_Algo_Portal.testcases.TC_HomePage_002" name="click_signin_tab_test_11" time="0.115">
    <failure type="org.openqa.selenium.NoSuchElementException" message="no such element: Unable to locate element: {&amp;quot;method&amp;quot;:&amp;quot;link text&amp;quot;,&amp;quot;selector&amp;quot;:&amp;quot;Sign in&amp;quot;}
  (Session info: chrome=110.0.5481.177)
For documentation on this error, please visit: https://selenium.dev/exceptions/#no_such_element
Build info: version: &amp;apos;4.3.0&amp;apos;, revision: &amp;apos;a4995e2c09*&amp;apos;
System info: host: &amp;apos;Snehas-MBP.hsd1.de.comcast.net&amp;apos;, ip: &amp;apos;2601:49:8400:8c90:0:0:0:acac%en0&amp;apos;, os.name: &amp;apos;Mac OS X&amp;apos;, os.arch: &amp;apos;x86_64&amp;apos;, os.version: &amp;apos;12.6.2&amp;apos;, java.version: &amp;apos;19.0.1&amp;apos;
Driver info: org.openqa.selenium.chrome.ChromeDriver
Command: [fe35648d4546243ba96654dc6cf80535, findElement {using=link text, value=Sign in}]
Capabilities {acceptInsecureCerts: false, browserName: chrome, browserVersion: 110.0.5481.177, chrome: {chromedriverVersion: 110.0.5481.77 (65ed616c6e8e..., userDataDir: /var/folders/m5/gs1k0d7156z...}, goog:chromeOptions: {debuggerAddress: localhost:63785}, networkConnectionEnabled: false, pageLoadStrategy: normal, platformName: MAC, proxy: Proxy(), se:cdp: ws://localhost:63785/devtoo..., se:cdpVersion: 110.0.5481.177, setWindowRect: true, strictFileInteractability: false, timeouts: {implicit: 0, pageLoad: 300000, script: 30000}, unhandledPromptBehavior: dismiss and notify, webauthn:extension:credBlob: true, webauthn:extension:largeBlob: true, webauthn:virtualAuthenticators: true}
Session ID: fe35648d4546243ba96654dc6cf80535">
      <![CDATA[org.openqa.selenium.NoSuchElementException: no such element: Unable to locate element: {"method":"link text","selector":"Sign in"}
  (Session info: chrome=110.0.5481.177)
For documentation on this error, please visit: https://selenium.dev/exceptions/#no_such_element
Build info: version: '4.3.0', revision: 'a4995e2c09*'
System info: host: 'Snehas-MBP.hsd1.de.comcast.net', ip: '2601:49:8400:8c90:0:0:0:acac%en0', os.name: 'Mac OS X', os.arch: 'x86_64', os.version: '12.6.2', java.version: '19.0.1'
Driver info: org.openqa.selenium.chrome.ChromeDriver
Command: [fe35648d4546243ba96654dc6cf80535, findElement {using=link text, value=Sign in}]
Capabilities {acceptInsecureCerts: false, browserName: chrome, browserVersion: 110.0.5481.177, chrome: {chromedriverVersion: 110.0.5481.77 (65ed616c6e8e..., userDataDir: /var/folders/m5/gs1k0d7156z...}, goog:chromeOptions: {debuggerAddress: localhost:63785}, networkConnectionEnabled: false, pageLoadStrategy: normal, platformName: MAC, proxy: Proxy(), se:cdp: ws://localhost:63785/devtoo..., se:cdpVersion: 110.0.5481.177, setWindowRect: true, strictFileInteractability: false, timeouts: {implicit: 0, pageLoad: 300000, script: 30000}, unhandledPromptBehavior: dismiss and notify, webauthn:extension:credBlob: true, webauthn:extension:largeBlob: true, webauthn:virtualAuthenticators: true}
Session ID: fe35648d4546243ba96654dc6cf80535
at org.openqa.selenium.remote.codec.w3c.W3CHttpResponseCodec.createException(W3CHttpResponseCodec.java:200)
at org.openqa.selenium.remote.codec.w3c.W3CHttpResponseCodec.decode(W3CHttpResponseCodec.java:133)
at org.openqa.selenium.remote.codec.w3c.W3CHttpResponseCodec.decode(W3CHttpResponseCodec.java:53)
at org.openqa.selenium.remote.HttpCommandExecutor.execute(HttpCommandExecutor.java:184)
at org.openqa.selenium.remote.service.DriverCommandExecutor.invokeExecute(DriverCommandExecutor.java:167)
at org.openqa.selenium.remote.service.DriverCommandExecutor.execute(DriverCommandExecutor.java:142)
at org.openqa.selenium.remote.RemoteWebDriver.execute(RemoteWebDriver.java:569)
at org.openqa.selenium.remote.ElementLocation$ElementFinder$2.findElement(ElementLocation.java:162)
at org.openqa.selenium.remote.ElementLocation.findElement(ElementLocation.java:60)
at org.openqa.selenium.remote.RemoteWebDriver.findElement(RemoteWebDriver.java:387)
at org.openqa.selenium.remote.RemoteWebDriver.findElement(RemoteWebDriver.java:379)
at org.openqa.selenium.support.pagefactory.DefaultElementLocator.findElement(DefaultElementLocator.java:70)
at org.openqa.selenium.support.pagefactory.internal.LocatingElementHandler.invoke(LocatingElementHandler.java:39)
at jdk.proxy2/jdk.proxy2.$Proxy35.click(Unknown Source)
at com.Ds_Algo_Portal.PageObject.HomePage.click_signin_tab(HomePage.java:60)
at com.Ds_Algo_Portal.testcases.TC_HomePage_002.click_signin_tab_test_11(TC_HomePage_002.java:66)
at java.base/java.util.ArrayList.forEach(ArrayList.java:1511)
... Removed 28 stack frames]]>
    </failure>
  </testcase> <!-- click_signin_tab_test_11 -->
  <testcase classname="com.Ds_Algo_Portal.testcases.TC_HomePage_002" name="datstructure_dropd_test" time="0.138"/>
  <testcase classname="com.Ds_Algo_Portal.testcases.TC_HomePage_002" name="hpdatastructure_test" time="0.383"/>
  <testcase classname="com.Ds_Algo_Portal.testcases.TC_Sign_in_page_004" name="clickLoginWithEmptyUsernamePasswordTest21" time="0.33"/>
  <testcase classname="com.Ds_Algo_Portal.testcases.TC_Sign_in_page_004" name="clickLoginWithEmptyPasswordTest22" time="0.244"/>
  <testcase classname="com.Ds_Algo_Portal.testcases.TC_Sign_in_page_004" name="clickLoginInvalidPasswordTest23" time="0.61"/>
  <testcase classname="com.Ds_Algo_Portal.testcases.TC_Sign_in_page_004" name="inValidUserNamewithValidPasswordTest25" time="0.492">
    <failure type="java.lang.AssertionError" message="expected [true] but found [false]">
      <![CDATA[java.lang.AssertionError: expected [true] but found [false]
at com.Ds_Algo_Portal.testcases.TC_Sign_in_page_004.inValidUserNamewithValidPasswordTest25(TC_Sign_in_page_004.java:103)
at java.base/java.util.ArrayList.forEach(ArrayList.java:1511)
... Removed 29 stack frames]]>
    </failure>
  </testcase> <!-- inValidUserNamewithValidPasswordTest25 -->
  <testcase classname="com.Ds_Algo_Portal.testcases.TC_Sign_in_page_004" name="validUserNamewithInvalidPasswordTest26" time="0.545">
    <failure type="java.lang.AssertionError" message="expected [true] but found [false]">
      <![CDATA[java.lang.AssertionError: expected [true] but found [false]
at com.Ds_Algo_Portal.testcases.TC_Sign_in_page_004.validUserNamewithInvalidPasswordTest26(TC_Sign_in_page_004.java:123)
at java.base/java.util.ArrayList.forEach(ArrayList.java:1511)
... Removed 29 stack frames]]>
    </failure>
  </testcase> <!-- validUserNamewithInvalidPasswordTest26 -->
  <testcase classname="com.Ds_Algo_Portal.testcases.TC_Sign_in_page_004" name="youAreLoggedInTest24" time="0.763"/>
  <testcase classname="com.Ds_Algo_Portal.testcases.TC_Data_Structure_introduction_006" name="clickGetStaredButtonOfDataSructureTest28" time="0.313"/>
  <testcase classname="com.Ds_Algo_Portal.testcases.TC_Data_Structure_introduction_006" name="clickPracticeQuestionButtonTest30" time="0.052">
    <failure type="org.openqa.selenium.NoSuchElementException" message="no such element: Unable to locate element: {&amp;quot;method&amp;quot;:&amp;quot;xpath&amp;quot;,&amp;quot;selector&amp;quot;:&amp;quot;//*[@id=&amp;apos;content&amp;apos;]/a[@href = &amp;apos;/data-structures-introduction/practice&amp;apos;]&amp;quot;}
  (Session info: chrome=110.0.5481.177)
For documentation on this error, please visit: https://selenium.dev/exceptions/#no_such_element
Build info: version: &amp;apos;4.3.0&amp;apos;, revision: &amp;apos;a4995e2c09*&amp;apos;
System info: host: &amp;apos;Snehas-MBP.hsd1.de.comcast.net&amp;apos;, ip: &amp;apos;2601:49:8400:8c90:0:0:0:acac%en0&amp;apos;, os.name: &amp;apos;Mac OS X&amp;apos;, os.arch: &amp;apos;x86_64&amp;apos;, os.version: &amp;apos;12.6.2&amp;apos;, java.version: &amp;apos;19.0.1&amp;apos;
Driver info: org.openqa.selenium.chrome.ChromeDriver
Command: [fe35648d4546243ba96654dc6cf80535, findElement {using=xpath, value=//*[@id=&amp;apos;content&amp;apos;]/a[@href = &amp;apos;/data-structures-introduction/practice&amp;apos;]}]
Capabilities {acceptInsecureCerts: false, browserName: chrome, browserVersion: 110.0.5481.177, chrome: {chromedriverVersion: 110.0.5481.77 (65ed616c6e8e..., userDataDir: /var/folders/m5/gs1k0d7156z...}, goog:chromeOptions: {debuggerAddress: localhost:63785}, networkConnectionEnabled: false, pageLoadStrategy: normal, platformName: MAC, proxy: Proxy(), se:cdp: ws://localhost:63785/devtoo..., se:cdpVersion: 110.0.5481.177, setWindowRect: true, strictFileInteractability: false, timeouts: {implicit: 0, pageLoad: 300000, script: 30000}, unhandledPromptBehavior: dismiss and notify, webauthn:extension:credBlob: true, webauthn:extension:largeBlob: true, webauthn:virtualAuthenticators: true}
Session ID: fe35648d4546243ba96654dc6cf80535">
      <![CDATA[org.openqa.selenium.NoSuchElementException: no such element: Unable to locate element: {"method":"xpath","selector":"//*[@id='content']/a[@href = '/data-structures-introduction/practice']"}
  (Session info: chrome=110.0.5481.177)
For documentation on this error, please visit: https://selenium.dev/exceptions/#no_such_element
Build info: version: '4.3.0', revision: 'a4995e2c09*'
System info: host: 'Snehas-MBP.hsd1.de.comcast.net', ip: '2601:49:8400:8c90:0:0:0:acac%en0', os.name: 'Mac OS X', os.arch: 'x86_64', os.version: '12.6.2', java.version: '19.0.1'
Driver info: org.openqa.selenium.chrome.ChromeDriver
Command: [fe35648d4546243ba96654dc6cf80535, findElement {using=xpath, value=//*[@id='content']/a[@href = '/data-structures-introduction/practice']}]
Capabilities {acceptInsecureCerts: false, browserName: chrome, browserVersion: 110.0.5481.177, chrome: {chromedriverVersion: 110.0.5481.77 (65ed616c6e8e..., userDataDir: /var/folders/m5/gs1k0d7156z...}, goog:chromeOptions: {debuggerAddress: localhost:63785}, networkConnectionEnabled: false, pageLoadStrategy: normal, platformName: MAC, proxy: Proxy(), se:cdp: ws://localhost:63785/devtoo..., se:cdpVersion: 110.0.5481.177, setWindowRect: true, strictFileInteractability: false, timeouts: {implicit: 0, pageLoad: 300000, script: 30000}, unhandledPromptBehavior: dismiss and notify, webauthn:extension:credBlob: true, webauthn:extension:largeBlob: true, webauthn:virtualAuthenticators: true}
Session ID: fe35648d4546243ba96654dc6cf80535
at org.openqa.selenium.remote.codec.w3c.W3CHttpResponseCodec.createException(W3CHttpResponseCodec.java:200)
at org.openqa.selenium.remote.codec.w3c.W3CHttpResponseCodec.decode(W3CHttpResponseCodec.java:133)
at org.openqa.selenium.remote.codec.w3c.W3CHttpResponseCodec.decode(W3CHttpResponseCodec.java:53)
at org.openqa.selenium.remote.HttpCommandExecutor.execute(HttpCommandExecutor.java:184)
at org.openqa.selenium.remote.service.DriverCommandExecutor.invokeExecute(DriverCommandExecutor.java:167)
at org.openqa.selenium.remote.service.DriverCommandExecutor.execute(DriverCommandExecutor.java:142)
at org.openqa.selenium.remote.RemoteWebDriver.execute(RemoteWebDriver.java:569)
at org.openqa.selenium.remote.ElementLocation$ElementFinder$2.findElement(ElementLocation.java:162)
at org.openqa.selenium.remote.ElementLocation.findElement(ElementLocation.java:60)
at org.openqa.selenium.remote.RemoteWebDriver.findElement(RemoteWebDriver.java:387)
at org.openqa.selenium.remote.RemoteWebDriver.findElement(RemoteWebDriver.java:379)
at org.openqa.selenium.support.pagefactory.DefaultElementLocator.findElement(DefaultElementLocator.java:70)
at org.openqa.selenium.support.pagefactory.internal.LocatingElementHandler.invoke(LocatingElementHandler.java:39)
at jdk.proxy2/jdk.proxy2.$Proxy35.click(Unknown Source)
at com.Ds_Algo_Portal.PageObject.Data_Structure_Introduction.clickPracticeQuestion(Data_Structure_Introduction.java:35)
at com.Ds_Algo_Portal.testcases.TC_Data_Structure_introduction_006.clickPracticeQuestionButtonTest30(TC_Data_Structure_introduction_006.java:43)
at java.base/java.util.ArrayList.forEach(ArrayList.java:1511)
... Removed 28 stack frames]]>
    </failure>
  </testcase> <!-- clickPracticeQuestionButtonTest30 -->
  <testcase classname="com.Ds_Algo_Portal.testcases.TC_Data_Structure_introduction_006" name="clickTimeComplexityButtonTest29" time="0.348">
    <failure type="java.lang.AssertionError" message="expected [true] but found [false]">
      <![CDATA[java.lang.AssertionError: expected [true] but found [false]
at com.Ds_Algo_Portal.testcases.TC_Data_Structure_introduction_006.clickTimeComplexityButtonTest29(TC_Data_Structure_introduction_006.java:35)
at java.base/java.util.ArrayList.forEach(ArrayList.java:1511)
... Removed 29 stack frames]]>
    </failure>
  </testcase> <!-- clickTimeComplexityButtonTest29 -->
  <testcase classname="com.Ds_Algo_Portal.testcases.TC_Data_Structure_introduction_006" name="clickTryHereTest31" time="1.087"/>
  <testcase classname="com.Ds_Algo_Portal.testcases.TC_Array_007" name="clickApplicationOFArrayButtonTest39" time="0.292"/>
  <testcase classname="com.Ds_Algo_Portal.testcases.TC_Array_007" name="clickApplicationOfArrayTryHereTest40" time="0.539"/>
  <testcase classname="com.Ds_Algo_Portal.testcases.TC_Array_007" name="clickArrayPagePracticeQuestionButton41" time="0.329">
    <failure type="java.lang.AssertionError" message="expected [true] but found [false]">
      <![CDATA[java.lang.AssertionError: expected [true] but found [false]
at com.Ds_Algo_Portal.testcases.TC_Array_007.clickArrayPagePracticeQuestionButton41(TC_Array_007.java:156)
at java.base/java.util.ArrayList.forEach(ArrayList.java:1511)
... Removed 29 stack frames]]>
    </failure>
  </testcase> <!-- clickArrayPagePracticeQuestionButton41 -->
  <testcase classname="com.Ds_Algo_Portal.testcases.TC_Array_007" name="clickBasicOperationInlIstButtonTest37" time="0.293"/>
  <testcase classname="com.Ds_Algo_Portal.testcases.TC_Array_007" name="clickBasicOperationInlIstTryHereTest38" time="0.571"/>
  <testcase classname="com.Ds_Algo_Portal.testcases.TC_Array_007" name="clickFindNumberWithEvenNumbersOfDigitsLink44" time="0.63">
    <failure type="org.openqa.selenium.UnhandledAlertException" message="unexpected alert open: {Alert text : SyntaxError: bad input on line 1}
  (Session info: chrome=110.0.5481.177): SyntaxError: bad input on line 1
Build info: version: &amp;apos;4.3.0&amp;apos;, revision: &amp;apos;a4995e2c09*&amp;apos;
System info: host: &amp;apos;Snehas-MBP.hsd1.de.comcast.net&amp;apos;, ip: &amp;apos;2601:49:8400:8c90:0:0:0:acac%en0&amp;apos;, os.name: &amp;apos;Mac OS X&amp;apos;, os.arch: &amp;apos;x86_64&amp;apos;, os.version: &amp;apos;12.6.2&amp;apos;, java.version: &amp;apos;19.0.1&amp;apos;
Driver info: org.openqa.selenium.chrome.ChromeDriver
Command: [fe35648d4546243ba96654dc6cf80535, findElement {using=xpath, value=//*[@id = &amp;apos;questionText&amp;apos;]}]
Capabilities {acceptInsecureCerts: false, browserName: chrome, browserVersion: 110.0.5481.177, chrome: {chromedriverVersion: 110.0.5481.77 (65ed616c6e8e..., userDataDir: /var/folders/m5/gs1k0d7156z...}, goog:chromeOptions: {debuggerAddress: localhost:63785}, networkConnectionEnabled: false, pageLoadStrategy: normal, platformName: MAC, proxy: Proxy(), se:cdp: ws://localhost:63785/devtoo..., se:cdpVersion: 110.0.5481.177, setWindowRect: true, strictFileInteractability: false, timeouts: {implicit: 0, pageLoad: 300000, script: 30000}, unhandledPromptBehavior: dismiss and notify, webauthn:extension:credBlob: true, webauthn:extension:largeBlob: true, webauthn:virtualAuthenticators: true}
Session ID: fe35648d4546243ba96654dc6cf80535">
      <![CDATA[org.openqa.selenium.UnhandledAlertException: unexpected alert open: {Alert text : SyntaxError: bad input on line 1}
  (Session info: chrome=110.0.5481.177): SyntaxError: bad input on line 1
Build info: version: '4.3.0', revision: 'a4995e2c09*'
System info: host: 'Snehas-MBP.hsd1.de.comcast.net', ip: '2601:49:8400:8c90:0:0:0:acac%en0', os.name: 'Mac OS X', os.arch: 'x86_64', os.version: '12.6.2', java.version: '19.0.1'
Driver info: org.openqa.selenium.chrome.ChromeDriver
Command: [fe35648d4546243ba96654dc6cf80535, findElement {using=xpath, value=//*[@id = 'questionText']}]
Capabilities {acceptInsecureCerts: false, browserName: chrome, browserVersion: 110.0.5481.177, chrome: {chromedriverVersion: 110.0.5481.77 (65ed616c6e8e..., userDataDir: /var/folders/m5/gs1k0d7156z...}, goog:chromeOptions: {debuggerAddress: localhost:63785}, networkConnectionEnabled: false, pageLoadStrategy: normal, platformName: MAC, proxy: Proxy(), se:cdp: ws://localhost:63785/devtoo..., se:cdpVersion: 110.0.5481.177, setWindowRect: true, strictFileInteractability: false, timeouts: {implicit: 0, pageLoad: 300000, script: 30000}, unhandledPromptBehavior: dismiss and notify, webauthn:extension:credBlob: true, webauthn:extension:largeBlob: true, webauthn:virtualAuthenticators: true}
Session ID: fe35648d4546243ba96654dc6cf80535
at org.openqa.selenium.remote.codec.w3c.W3CHttpResponseCodec.decode(W3CHttpResponseCodec.java:131)
at org.openqa.selenium.remote.codec.w3c.W3CHttpResponseCodec.decode(W3CHttpResponseCodec.java:53)
at org.openqa.selenium.remote.HttpCommandExecutor.execute(HttpCommandExecutor.java:184)
at org.openqa.selenium.remote.service.DriverCommandExecutor.invokeExecute(DriverCommandExecutor.java:167)
at org.openqa.selenium.remote.service.DriverCommandExecutor.execute(DriverCommandExecutor.java:142)
at org.openqa.selenium.remote.RemoteWebDriver.execute(RemoteWebDriver.java:569)
at org.openqa.selenium.remote.ElementLocation$ElementFinder$2.findElement(ElementLocation.java:162)
at org.openqa.selenium.remote.ElementLocation.findElement(ElementLocation.java:60)
at org.openqa.selenium.remote.RemoteWebDriver.findElement(RemoteWebDriver.java:387)
at org.openqa.selenium.remote.RemoteWebDriver.findElement(RemoteWebDriver.java:379)
at org.openqa.selenium.support.pagefactory.DefaultElementLocator.findElement(DefaultElementLocator.java:70)
at org.openqa.selenium.support.pagefactory.internal.LocatingElementHandler.invoke(LocatingElementHandler.java:39)
at jdk.proxy2/jdk.proxy2.$Proxy35.getText(Unknown Source)
at com.Ds_Algo_Portal.PageObject.QuestionPage.checkQuestion(QuestionPage.java:23)
at com.Ds_Algo_Portal.testcases.TC_Array_007.clickFindNumberWithEvenNumbersOfDigitsLink44(TC_Array_007.java:214)
at java.base/java.util.ArrayList.forEach(ArrayList.java:1511)
... Removed 25 stack frames]]>
    </failure>
  </testcase> <!-- clickFindNumberWithEvenNumbersOfDigitsLink44 -->
  <testcase classname="com.Ds_Algo_Portal.testcases.TC_Array_007" name="clickGetStaredButtonOfArrayTest32" time="0.397"/>
  <testcase classname="com.Ds_Algo_Portal.testcases.TC_Array_007" name="clickMaxConsecutiveOnesLink43" time="0.575">
    <failure type="org.openqa.selenium.UnhandledAlertException" message="unexpected alert open: {Alert text : SyntaxError: bad input on line 1}
  (Session info: chrome=110.0.5481.177): SyntaxError: bad input on line 1
Build info: version: &amp;apos;4.3.0&amp;apos;, revision: &amp;apos;a4995e2c09*&amp;apos;
System info: host: &amp;apos;Snehas-MBP.hsd1.de.comcast.net&amp;apos;, ip: &amp;apos;2601:49:8400:8c90:0:0:0:acac%en0&amp;apos;, os.name: &amp;apos;Mac OS X&amp;apos;, os.arch: &amp;apos;x86_64&amp;apos;, os.version: &amp;apos;12.6.2&amp;apos;, java.version: &amp;apos;19.0.1&amp;apos;
Driver info: org.openqa.selenium.chrome.ChromeDriver
Command: [fe35648d4546243ba96654dc6cf80535, findElement {using=xpath, value=//*[@id = &amp;apos;questionText&amp;apos;]}]
Capabilities {acceptInsecureCerts: false, browserName: chrome, browserVersion: 110.0.5481.177, chrome: {chromedriverVersion: 110.0.5481.77 (65ed616c6e8e..., userDataDir: /var/folders/m5/gs1k0d7156z...}, goog:chromeOptions: {debuggerAddress: localhost:63785}, networkConnectionEnabled: false, pageLoadStrategy: normal, platformName: MAC, proxy: Proxy(), se:cdp: ws://localhost:63785/devtoo..., se:cdpVersion: 110.0.5481.177, setWindowRect: true, strictFileInteractability: false, timeouts: {implicit: 0, pageLoad: 300000, script: 30000}, unhandledPromptBehavior: dismiss and notify, webauthn:extension:credBlob: true, webauthn:extension:largeBlob: true, webauthn:virtualAuthenticators: true}
Session ID: fe35648d4546243ba96654dc6cf80535">
      <![CDATA[org.openqa.selenium.UnhandledAlertException: unexpected alert open: {Alert text : SyntaxError: bad input on line 1}
  (Session info: chrome=110.0.5481.177): SyntaxError: bad input on line 1
Build info: version: '4.3.0', revision: 'a4995e2c09*'
System info: host: 'Snehas-MBP.hsd1.de.comcast.net', ip: '2601:49:8400:8c90:0:0:0:acac%en0', os.name: 'Mac OS X', os.arch: 'x86_64', os.version: '12.6.2', java.version: '19.0.1'
Driver info: org.openqa.selenium.chrome.ChromeDriver
Command: [fe35648d4546243ba96654dc6cf80535, findElement {using=xpath, value=//*[@id = 'questionText']}]
Capabilities {acceptInsecureCerts: false, browserName: chrome, browserVersion: 110.0.5481.177, chrome: {chromedriverVersion: 110.0.5481.77 (65ed616c6e8e..., userDataDir: /var/folders/m5/gs1k0d7156z...}, goog:chromeOptions: {debuggerAddress: localhost:63785}, networkConnectionEnabled: false, pageLoadStrategy: normal, platformName: MAC, proxy: Proxy(), se:cdp: ws://localhost:63785/devtoo..., se:cdpVersion: 110.0.5481.177, setWindowRect: true, strictFileInteractability: false, timeouts: {implicit: 0, pageLoad: 300000, script: 30000}, unhandledPromptBehavior: dismiss and notify, webauthn:extension:credBlob: true, webauthn:extension:largeBlob: true, webauthn:virtualAuthenticators: true}
Session ID: fe35648d4546243ba96654dc6cf80535
at org.openqa.selenium.remote.codec.w3c.W3CHttpResponseCodec.decode(W3CHttpResponseCodec.java:131)
at org.openqa.selenium.remote.codec.w3c.W3CHttpResponseCodec.decode(W3CHttpResponseCodec.java:53)
at org.openqa.selenium.remote.HttpCommandExecutor.execute(HttpCommandExecutor.java:184)
at org.openqa.selenium.remote.service.DriverCommandExecutor.invokeExecute(DriverCommandExecutor.java:167)
at org.openqa.selenium.remote.service.DriverCommandExecutor.execute(DriverCommandExecutor.java:142)
at org.openqa.selenium.remote.RemoteWebDriver.execute(RemoteWebDriver.java:569)
at org.openqa.selenium.remote.ElementLocation$ElementFinder$2.findElement(ElementLocation.java:162)
at org.openqa.selenium.remote.ElementLocation.findElement(ElementLocation.java:60)
at org.openqa.selenium.remote.RemoteWebDriver.findElement(RemoteWebDriver.java:387)
at org.openqa.selenium.remote.RemoteWebDriver.findElement(RemoteWebDriver.java:379)
at org.openqa.selenium.support.pagefactory.DefaultElementLocator.findElement(DefaultElementLocator.java:70)
at org.openqa.selenium.support.pagefactory.internal.LocatingElementHandler.invoke(LocatingElementHandler.java:39)
at jdk.proxy2/jdk.proxy2.$Proxy35.getText(Unknown Source)
at com.Ds_Algo_Portal.PageObject.QuestionPage.checkQuestion(QuestionPage.java:23)
at com.Ds_Algo_Portal.testcases.TC_Array_007.clickMaxConsecutiveOnesLink43(TC_Array_007.java:194)
at java.base/java.util.ArrayList.forEach(ArrayList.java:1511)
... Removed 25 stack frames]]>
    </failure>
  </testcase> <!-- clickMaxConsecutiveOnesLink43 -->
  <testcase classname="com.Ds_Algo_Portal.testcases.TC_Array_007" name="clickSearchTheArrayLink42" time="0.622">
    <failure type="org.openqa.selenium.UnhandledAlertException" message="unexpected alert open: {Alert text : SyntaxError: bad input on line 1}
  (Session info: chrome=110.0.5481.177): SyntaxError: bad input on line 1
Build info: version: &amp;apos;4.3.0&amp;apos;, revision: &amp;apos;a4995e2c09*&amp;apos;
System info: host: &amp;apos;Snehas-MBP.hsd1.de.comcast.net&amp;apos;, ip: &amp;apos;2601:49:8400:8c90:0:0:0:acac%en0&amp;apos;, os.name: &amp;apos;Mac OS X&amp;apos;, os.arch: &amp;apos;x86_64&amp;apos;, os.version: &amp;apos;12.6.2&amp;apos;, java.version: &amp;apos;19.0.1&amp;apos;
Driver info: org.openqa.selenium.chrome.ChromeDriver
Command: [fe35648d4546243ba96654dc6cf80535, getCurrentUrl {}]
Capabilities {acceptInsecureCerts: false, browserName: chrome, browserVersion: 110.0.5481.177, chrome: {chromedriverVersion: 110.0.5481.77 (65ed616c6e8e..., userDataDir: /var/folders/m5/gs1k0d7156z...}, goog:chromeOptions: {debuggerAddress: localhost:63785}, networkConnectionEnabled: false, pageLoadStrategy: normal, platformName: MAC, proxy: Proxy(), se:cdp: ws://localhost:63785/devtoo..., se:cdpVersion: 110.0.5481.177, setWindowRect: true, strictFileInteractability: false, timeouts: {implicit: 0, pageLoad: 300000, script: 30000}, unhandledPromptBehavior: dismiss and notify, webauthn:extension:credBlob: true, webauthn:extension:largeBlob: true, webauthn:virtualAuthenticators: true}
Session ID: fe35648d4546243ba96654dc6cf80535">
      <![CDATA[org.openqa.selenium.UnhandledAlertException: unexpected alert open: {Alert text : SyntaxError: bad input on line 1}
  (Session info: chrome=110.0.5481.177): SyntaxError: bad input on line 1
Build info: version: '4.3.0', revision: 'a4995e2c09*'
System info: host: 'Snehas-MBP.hsd1.de.comcast.net', ip: '2601:49:8400:8c90:0:0:0:acac%en0', os.name: 'Mac OS X', os.arch: 'x86_64', os.version: '12.6.2', java.version: '19.0.1'
Driver info: org.openqa.selenium.chrome.ChromeDriver
Command: [fe35648d4546243ba96654dc6cf80535, getCurrentUrl {}]
Capabilities {acceptInsecureCerts: false, browserName: chrome, browserVersion: 110.0.5481.177, chrome: {chromedriverVersion: 110.0.5481.77 (65ed616c6e8e..., userDataDir: /var/folders/m5/gs1k0d7156z...}, goog:chromeOptions: {debuggerAddress: localhost:63785}, networkConnectionEnabled: false, pageLoadStrategy: normal, platformName: MAC, proxy: Proxy(), se:cdp: ws://localhost:63785/devtoo..., se:cdpVersion: 110.0.5481.177, setWindowRect: true, strictFileInteractability: false, timeouts: {implicit: 0, pageLoad: 300000, script: 30000}, unhandledPromptBehavior: dismiss and notify, webauthn:extension:credBlob: true, webauthn:extension:largeBlob: true, webauthn:virtualAuthenticators: true}
Session ID: fe35648d4546243ba96654dc6cf80535
at org.openqa.selenium.remote.codec.w3c.W3CHttpResponseCodec.decode(W3CHttpResponseCodec.java:131)
at org.openqa.selenium.remote.codec.w3c.W3CHttpResponseCodec.decode(W3CHttpResponseCodec.java:53)
at org.openqa.selenium.remote.HttpCommandExecutor.execute(HttpCommandExecutor.java:184)
at org.openqa.selenium.remote.service.DriverCommandExecutor.invokeExecute(DriverCommandExecutor.java:167)
at org.openqa.selenium.remote.service.DriverCommandExecutor.execute(DriverCommandExecutor.java:142)
at org.openqa.selenium.remote.RemoteWebDriver.execute(RemoteWebDriver.java:569)
at org.openqa.selenium.remote.RemoteWebDriver.execute(RemoteWebDriver.java:624)
at org.openqa.selenium.remote.RemoteWebDriver.execute(RemoteWebDriver.java:628)
at org.openqa.selenium.remote.RemoteWebDriver.getCurrentUrl(RemoteWebDriver.java:344)
at com.Ds_Algo_Portal.testcases.TC_Array_007.clickSearchTheArrayLink42(TC_Array_007.java:171)
at java.base/java.util.ArrayList.forEach(ArrayList.java:1511)
... Removed 25 stack frames]]>
    </failure>
  </testcase> <!-- clickSearchTheArrayLink42 -->
  <testcase classname="com.Ds_Algo_Portal.testcases.TC_Array_007" name="clickSquaresOfasortedArrayLink45" time="0.282">
    <failure type="org.openqa.selenium.NoSuchElementException" message="no such element: Unable to locate element: {&amp;quot;method&amp;quot;:&amp;quot;link text&amp;quot;,&amp;quot;selector&amp;quot;:&amp;quot;Squares of  a Sorted Array&amp;quot;}
  (Session info: chrome=110.0.5481.177)
For documentation on this error, please visit: https://selenium.dev/exceptions/#no_such_element
Build info: version: &amp;apos;4.3.0&amp;apos;, revision: &amp;apos;a4995e2c09*&amp;apos;
System info: host: &amp;apos;Snehas-MBP.hsd1.de.comcast.net&amp;apos;, ip: &amp;apos;2601:49:8400:8c90:0:0:0:acac%en0&amp;apos;, os.name: &amp;apos;Mac OS X&amp;apos;, os.arch: &amp;apos;x86_64&amp;apos;, os.version: &amp;apos;12.6.2&amp;apos;, java.version: &amp;apos;19.0.1&amp;apos;
Driver info: org.openqa.selenium.chrome.ChromeDriver
Command: [fe35648d4546243ba96654dc6cf80535, findElement {using=link text, value=Squares of  a Sorted Array}]
Capabilities {acceptInsecureCerts: false, browserName: chrome, browserVersion: 110.0.5481.177, chrome: {chromedriverVersion: 110.0.5481.77 (65ed616c6e8e..., userDataDir: /var/folders/m5/gs1k0d7156z...}, goog:chromeOptions: {debuggerAddress: localhost:63785}, networkConnectionEnabled: false, pageLoadStrategy: normal, platformName: MAC, proxy: Proxy(), se:cdp: ws://localhost:63785/devtoo..., se:cdpVersion: 110.0.5481.177, setWindowRect: true, strictFileInteractability: false, timeouts: {implicit: 0, pageLoad: 300000, script: 30000}, unhandledPromptBehavior: dismiss and notify, webauthn:extension:credBlob: true, webauthn:extension:largeBlob: true, webauthn:virtualAuthenticators: true}
Session ID: fe35648d4546243ba96654dc6cf80535">
      <![CDATA[org.openqa.selenium.NoSuchElementException: no such element: Unable to locate element: {"method":"link text","selector":"Squares of  a Sorted Array"}
  (Session info: chrome=110.0.5481.177)
For documentation on this error, please visit: https://selenium.dev/exceptions/#no_such_element
Build info: version: '4.3.0', revision: 'a4995e2c09*'
System info: host: 'Snehas-MBP.hsd1.de.comcast.net', ip: '2601:49:8400:8c90:0:0:0:acac%en0', os.name: 'Mac OS X', os.arch: 'x86_64', os.version: '12.6.2', java.version: '19.0.1'
Driver info: org.openqa.selenium.chrome.ChromeDriver
Command: [fe35648d4546243ba96654dc6cf80535, findElement {using=link text, value=Squares of  a Sorted Array}]
Capabilities {acceptInsecureCerts: false, browserName: chrome, browserVersion: 110.0.5481.177, chrome: {chromedriverVersion: 110.0.5481.77 (65ed616c6e8e..., userDataDir: /var/folders/m5/gs1k0d7156z...}, goog:chromeOptions: {debuggerAddress: localhost:63785}, networkConnectionEnabled: false, pageLoadStrategy: normal, platformName: MAC, proxy: Proxy(), se:cdp: ws://localhost:63785/devtoo..., se:cdpVersion: 110.0.5481.177, setWindowRect: true, strictFileInteractability: false, timeouts: {implicit: 0, pageLoad: 300000, script: 30000}, unhandledPromptBehavior: dismiss and notify, webauthn:extension:credBlob: true, webauthn:extension:largeBlob: true, webauthn:virtualAuthenticators: true}
Session ID: fe35648d4546243ba96654dc6cf80535
at org.openqa.selenium.remote.codec.w3c.W3CHttpResponseCodec.createException(W3CHttpResponseCodec.java:200)
at org.openqa.selenium.remote.codec.w3c.W3CHttpResponseCodec.decode(W3CHttpResponseCodec.java:133)
at org.openqa.selenium.remote.codec.w3c.W3CHttpResponseCodec.decode(W3CHttpResponseCodec.java:53)
at org.openqa.selenium.remote.HttpCommandExecutor.execute(HttpCommandExecutor.java:184)
at org.openqa.selenium.remote.service.DriverCommandExecutor.invokeExecute(DriverCommandExecutor.java:167)
at org.openqa.selenium.remote.service.DriverCommandExecutor.execute(DriverCommandExecutor.java:142)
at org.openqa.selenium.remote.RemoteWebDriver.execute(RemoteWebDriver.java:569)
at org.openqa.selenium.remote.ElementLocation$ElementFinder$2.findElement(ElementLocation.java:162)
at org.openqa.selenium.remote.ElementLocation.findElement(ElementLocation.java:60)
at org.openqa.selenium.remote.RemoteWebDriver.findElement(RemoteWebDriver.java:387)
at org.openqa.selenium.remote.RemoteWebDriver.findElement(RemoteWebDriver.java:379)
at org.openqa.selenium.support.pagefactory.DefaultElementLocator.findElement(DefaultElementLocator.java:70)
at org.openqa.selenium.support.pagefactory.internal.LocatingElementHandler.invoke(LocatingElementHandler.java:39)
at jdk.proxy2/jdk.proxy2.$Proxy35.click(Unknown Source)
at com.Ds_Algo_Portal.PageObject.ArrayPracticePage.click_sequencesOfASortedArray(ArrayPracticePage.java:41)
at com.Ds_Algo_Portal.testcases.TC_Array_007.clickSquaresOfasortedArrayLink45(TC_Array_007.java:227)
at java.base/java.util.ArrayList.forEach(ArrayList.java:1511)
... Removed 28 stack frames]]>
    </failure>
  </testcase> <!-- clickSquaresOfasortedArrayLink45 -->
  <testcase classname="com.Ds_Algo_Portal.testcases.TC_Array_007" name="clickarraysInPythonButtonTest33" time="0.448"/>
  <testcase classname="com.Ds_Algo_Portal.testcases.TC_Array_007" name="clickarraysInPythonTryHereTest34" time="0.505"/>
  <testcase classname="com.Ds_Algo_Portal.testcases.TC_Array_007" name="clickarryUsingListTest35" time="0.283"/>
  <testcase classname="com.Ds_Algo_Portal.testcases.TC_Array_007" name="clicktryHereInArrayUsingListTest36" time="0.477"/>
  <testcase classname="com.Ds_Algo_Portal.testcases.TC_LinkedList_008" name="clickDeletion59" time="0.301"/>
  <testcase classname="com.Ds_Algo_Portal.testcases.TC_LinkedList_008" name="clickImplimentLinkedList53" time="0.317"/>
  <testcase classname="com.Ds_Algo_Portal.testcases.TC_LinkedList_008" name="clickInsertionl57" time="0.318"/>
  <testcase classname="com.Ds_Algo_Portal.testcases.TC_LinkedList_008" name="clickLikedListGetStartedButtonTest46" time="0.355"/>
  <testcase classname="com.Ds_Algo_Portal.testcases.TC_LinkedList_008" name="clickPracticeQuestionlButton61" time="0.288"/>
  <testcase classname="com.Ds_Algo_Portal.testcases.TC_LinkedList_008" name="clickTraversal55" time="0.397"/>
  <testcase classname="com.Ds_Algo_Portal.testcases.TC_LinkedList_008" name="clickTraversalTryHereButton56" time="0.628"/>
  <testcase classname="com.Ds_Algo_Portal.testcases.TC_LinkedList_008" name="clickTypeOfLinkedListTryHereButton52" time="0.544"/>
  <testcase classname="com.Ds_Algo_Portal.testcases.TC_LinkedList_008" name="clickTypeOfLinkedListTryHereButton54" time="0.644"/>
  <testcase classname="com.Ds_Algo_Portal.testcases.TC_LinkedList_008" name="clickTypesOfLinkedListButton51" time="0.303"/>
  <testcase classname="com.Ds_Algo_Portal.testcases.TC_LinkedList_008" name="clicknsertionTryHereButton58" time="0.519"/>
  <testcase classname="com.Ds_Algo_Portal.testcases.TC_LinkedList_008" name="clicknsertionTryHereButton60" time="0.566"/>
  <testcase classname="com.Ds_Algo_Portal.testcases.TC_LinkedList_008" name="clickIntroductionButton47" time="0.366"/>
  <testcase classname="com.Ds_Algo_Portal.testcases.TC_LinkedList_008" name="clickIntroductionTryHereButton48" time="0.549"/>
  <testcase classname="com.Ds_Algo_Portal.testcases.TC_LinkedList_008" name="clickCreatingLinkedListButton49" time="0.295"/>
  <testcase classname="com.Ds_Algo_Portal.testcases.TC_LinkedList_008" name="clickLinkedListCreatingLinkedListTryHereButton50" time="0.555"/>
  <testcase classname="com.Ds_Algo_Portal.testcases.TC_Stack_009" name="clickGetStaredButtonOfStackTest62" time="0.246"/>
  <testcase classname="com.Ds_Algo_Portal.testcases.TC_Stack_009" name="clickOperationInStackButtonTest63" time="0.283"/>
  <testcase classname="com.Ds_Algo_Portal.testcases.TC_Stack_009" name="clickOperationInStackTryHereButtonTest64" time="0.555"/>
  <testcase classname="com.Ds_Algo_Portal.testcases.TC_Stack_009" name="clickImplementationButtonTest65" time="0.251"/>
  <testcase classname="com.Ds_Algo_Portal.testcases.TC_Stack_009" name="clickImplementationTryHereButtonTest66" time="0.449"/>
  <testcase classname="com.Ds_Algo_Portal.testcases.TC_Stack_009" name="clickApplicationsButtonTest67" time="0.256"/>
  <testcase classname="com.Ds_Algo_Portal.testcases.TC_Stack_009" name="clickApplicationsTryHereButtonTest68" time="0.548"/>
  <testcase classname="com.Ds_Algo_Portal.testcases.TC_Stack_009" name="clickPracticequestionButtonTest69" time="0.25"/>
  <testcase classname="com.Ds_Algo_Portal.testcases.TC_Queue_010" name="clickQueueGetStartedButtonTest70" time="0.274"/>
  <testcase classname="com.Ds_Algo_Portal.testcases.TC_Queue_010" name="clickImplementationOfQueuePythonTest71" time="0.283"/>
  <testcase classname="com.Ds_Algo_Portal.testcases.TC_Queue_010" name="clickImplementationOfQueueInPythonTryHere72" time="0.583"/>
  <testcase classname="com.Ds_Algo_Portal.testcases.TC_Queue_010" name="clickImplementationOfUsingCollectionsTest73" time="0.252"/>
  <testcase classname="com.Ds_Algo_Portal.testcases.TC_Queue_010" name="clickImplementationUsingCollectionTryHere74" time="0.519"/>
  <testcase classname="com.Ds_Algo_Portal.testcases.TC_Queue_010" name="clickImplementationUsingArrayTest75" time="0.253"/>
  <testcase classname="com.Ds_Algo_Portal.testcases.TC_Queue_010" name="clickImplementationUsingArrayTryHere76" time="0.494"/>
  <testcase classname="com.Ds_Algo_Portal.testcases.TC_Queue_010" name="clickQueueOperationsTest77" time="0.348"/>
  <testcase classname="com.Ds_Algo_Portal.testcases.TC_Queue_010" name="clickQueueOperationsTryHere78" time="0.478"/>
  <testcase classname="com.Ds_Algo_Portal.testcases.TC_Queue_010" name="clickQueuePracticeQuestionTest79" time="0.249"/>
  <testcase classname="com.Ds_Algo_Portal.testcases.TC_Tree" name="testTree" time="0.525"/>
  <testcase classname="com.Ds_Algo_Portal.testcases.TC_Tree" name="testTerminology" time="0.624"/>
  <testcase classname="com.Ds_Algo_Portal.testcases.TC_Tree" name="testTreeTypes" time="0.575"/>
  <testcase classname="com.Ds_Algo_Portal.testcases.TC_Tree" name="testTreeTraversals" time="0.689"/>
  <testcase classname="com.Ds_Algo_Portal.testcases.TC_Tree" name="testTraversalIllustration" time="0.608"/>
  <testcase classname="com.Ds_Algo_Portal.testcases.TC_Tree" name="testBinaryTree" time="0.584"/>
  <testcase classname="com.Ds_Algo_Portal.testcases.TC_Tree" name="testBinaryTreeTypes" time="0.642"/>
  <testcase classname="com.Ds_Algo_Portal.testcases.TC_Tree" name="testPythonimplementation" time="0.649"/>
  <testcase classname="com.Ds_Algo_Portal.testcases.TC_Tree" name="testBinaryTreeTraversal" time="0.579"/>
  <testcase classname="com.Ds_Algo_Portal.testcases.TC_Tree" name="testBinaryTreeImplementation" time="0.568"/>
  <testcase classname="com.Ds_Algo_Portal.testcases.TC_Tree" name="testBinaryApplication" time="0.607"/>
  <testcase classname="com.Ds_Algo_Portal.testcases.TC_Tree" name="testBinarySearchTree" time="1.012"/>
  <testcase classname="com.Ds_Algo_Portal.testcases.TC_Tree" name="testBSTImplementation" time="0.594"/>
  <testcase classname="com.Ds_Algo_Portal.testcases.TC_Graph" name="testGraph" time="0.554"/>
  <testcase classname="com.Ds_Algo_Portal.testcases.TC_Graph" name="testGraphRepresentation" time="0.818"/>
  <testcase classname="com.Ds_Algo_Portal.testcases.TC_SignOut_005" name="signoutTest27" time="0.25"/>
  <testcase classname="com.Ds_Algo_Portal.testcases.BaseClass" name="@BeforeTest setup" time="0.0">
    <ignored/>
  </testcase> <!-- @BeforeTest setup -->
  <testcase classname="com.Ds_Algo_Portal.testcases.BaseClass" name="@BeforeTest setup" time="0.0">
    <ignored/>
  </testcase> <!-- @BeforeTest setup -->
  <testcase classname="com.Ds_Algo_Portal.testcases.BaseClass" name="@BeforeTest setup" time="0.0">
    <ignored/>
  </testcase> <!-- @BeforeTest setup -->
  <testcase classname="com.Ds_Algo_Portal.testcases.BaseClass" name="@BeforeTest setup" time="0.0">
    <ignored/>
  </testcase> <!-- @BeforeTest setup -->
  <testcase classname="com.Ds_Algo_Portal.testcases.BaseClass" name="@BeforeTest setup" time="0.0">
    <ignored/>
  </testcase> <!-- @BeforeTest setup -->
  <testcase classname="com.Ds_Algo_Portal.testcases.BaseClass" name="@BeforeTest setup" time="0.0">
    <ignored/>
  </testcase> <!-- @BeforeTest setup -->
  <testcase classname="com.Ds_Algo_Portal.testcases.BaseClass" name="@BeforeTest setup" time="0.0">
    <ignored/>
  </testcase> <!-- @BeforeTest setup -->
  <testcase classname="com.Ds_Algo_Portal.testcases.BaseClass" name="@BeforeTest setup" time="0.0">
    <ignored/>
  </testcase> <!-- @BeforeTest setup -->
  <testcase classname="com.Ds_Algo_Portal.testcases.BaseClass" name="@BeforeTest setup" time="0.0">
    <ignored/>
  </testcase> <!-- @BeforeTest setup -->
  <testcase classname="com.Ds_Algo_Portal.testcases.BaseClass" name="@BeforeTest setup" time="0.0">
    <ignored/>
  </testcase> <!-- @BeforeTest setup -->
</testsuite> <!-- Sanity -->
